mode: set
github.com/jamestunnell/go-musicality/notation/pitch/freq.go:12.48,14.2 1 1
github.com/jamestunnell/go-musicality/notation/pitch/freq.go:16.49,18.2 1 1
github.com/jamestunnell/go-musicality/notation/pitch/parse.go:25.43,26.17 1 0
github.com/jamestunnell/go-musicality/notation/pitch/parse.go:30.2,31.12 2 0
github.com/jamestunnell/go-musicality/notation/pitch/parse.go:35.2,35.16 1 0
github.com/jamestunnell/go-musicality/notation/pitch/parse.go:50.2,50.22 1 0
github.com/jamestunnell/go-musicality/notation/pitch/parse.go:26.17,28.3 1 0
github.com/jamestunnell/go-musicality/notation/pitch/parse.go:31.12,33.3 1 0
github.com/jamestunnell/go-musicality/notation/pitch/parse.go:36.9,36.9 0 0
github.com/jamestunnell/go-musicality/notation/pitch/parse.go:37.9,38.21 1 0
github.com/jamestunnell/go-musicality/notation/pitch/parse.go:46.10,47.54 1 0
github.com/jamestunnell/go-musicality/notation/pitch/parse.go:39.12,40.14 1 0
github.com/jamestunnell/go-musicality/notation/pitch/parse.go:41.12,42.14 1 0
github.com/jamestunnell/go-musicality/notation/pitch/parse.go:43.11,44.63 1 0
github.com/jamestunnell/go-musicality/notation/pitch/parse.go:53.56,54.17 1 1
github.com/jamestunnell/go-musicality/notation/pitch/parse.go:58.2,59.12 2 1
github.com/jamestunnell/go-musicality/notation/pitch/parse.go:63.2,63.17 1 1
github.com/jamestunnell/go-musicality/notation/pitch/parse.go:67.2,69.20 2 1
github.com/jamestunnell/go-musicality/notation/pitch/parse.go:80.2,82.19 2 1
github.com/jamestunnell/go-musicality/notation/pitch/parse.go:88.2,88.25 1 1
github.com/jamestunnell/go-musicality/notation/pitch/parse.go:92.2,93.16 2 1
github.com/jamestunnell/go-musicality/notation/pitch/parse.go:97.2,97.30 1 1
github.com/jamestunnell/go-musicality/notation/pitch/parse.go:54.17,56.3 1 0
github.com/jamestunnell/go-musicality/notation/pitch/parse.go:59.12,61.3 1 1
github.com/jamestunnell/go-musicality/notation/pitch/parse.go:63.17,65.3 1 0
github.com/jamestunnell/go-musicality/notation/pitch/parse.go:70.11,73.23 2 1
github.com/jamestunnell/go-musicality/notation/pitch/parse.go:74.11,77.23 2 1
github.com/jamestunnell/go-musicality/notation/pitch/parse.go:82.19,84.3 1 1
github.com/jamestunnell/go-musicality/notation/pitch/parse.go:84.8,86.3 1 1
github.com/jamestunnell/go-musicality/notation/pitch/parse.go:88.25,90.3 1 0
github.com/jamestunnell/go-musicality/notation/pitch/parse.go:93.16,95.3 1 1
github.com/jamestunnell/go-musicality/notation/pitch/pitch.go:21.39,27.2 3 1
github.com/jamestunnell/go-musicality/notation/pitch/pitch.go:29.40,31.16 2 1
github.com/jamestunnell/go-musicality/notation/pitch/pitch.go:35.2,35.35 1 1
github.com/jamestunnell/go-musicality/notation/pitch/pitch.go:31.16,33.3 1 1
github.com/jamestunnell/go-musicality/notation/pitch/pitch.go:38.42,40.2 1 1
github.com/jamestunnell/go-musicality/notation/pitch/pitch.go:42.40,44.2 1 1
github.com/jamestunnell/go-musicality/notation/pitch/pitch.go:46.43,49.14 2 1
github.com/jamestunnell/go-musicality/notation/pitch/pitch.go:53.2,53.14 1 1
github.com/jamestunnell/go-musicality/notation/pitch/pitch.go:57.2,57.10 1 1
github.com/jamestunnell/go-musicality/notation/pitch/pitch.go:49.14,51.3 1 1
github.com/jamestunnell/go-musicality/notation/pitch/pitch.go:53.14,55.3 1 1
github.com/jamestunnell/go-musicality/notation/pitch/pitch.go:60.30,62.2 1 1
github.com/jamestunnell/go-musicality/notation/pitch/pitch.go:64.32,66.2 1 1
github.com/jamestunnell/go-musicality/notation/pitch/pitch.go:68.33,70.2 1 1
github.com/jamestunnell/go-musicality/notation/pitch/pitch.go:72.32,74.2 1 1
github.com/jamestunnell/go-musicality/notation/pitch/pitch.go:76.49,78.2 1 1
github.com/jamestunnell/go-musicality/notation/pitch/pitch.go:80.33,82.2 1 1
github.com/jamestunnell/go-musicality/notation/pitch/pitch.go:84.37,86.2 1 1
github.com/jamestunnell/go-musicality/notation/pitch/pitch.go:88.47,92.2 2 1
github.com/jamestunnell/go-musicality/notation/pitch/pitch.go:94.47,98.46 3 1
github.com/jamestunnell/go-musicality/notation/pitch/pitch.go:102.2,105.16 3 1
github.com/jamestunnell/go-musicality/notation/pitch/pitch.go:109.2,112.12 3 1
github.com/jamestunnell/go-musicality/notation/pitch/pitch.go:98.46,100.3 1 0
github.com/jamestunnell/go-musicality/notation/pitch/pitch.go:105.16,107.3 1 0
github.com/jamestunnell/go-musicality/notation/pitch/pitch.go:115.27,116.56 1 1
github.com/jamestunnell/go-musicality/notation/pitch/pitch.go:116.56,120.3 3 1
github.com/jamestunnell/go-musicality/notation/pitch/pitch.go:123.46,125.2 1 1
github.com/jamestunnell/go-musicality/notation/pitch/pitches.go:7.26,9.2 1 0
github.com/jamestunnell/go-musicality/notation/pitch/pitches.go:11.30,13.2 1 0
github.com/jamestunnell/go-musicality/notation/pitch/pitches.go:15.35,21.2 3 0
github.com/jamestunnell/go-musicality/notation/pitch/pitches.go:23.29,25.2 1 1
github.com/jamestunnell/go-musicality/notation/pitch/pitches.go:27.38,29.23 2 0
github.com/jamestunnell/go-musicality/notation/pitch/pitches.go:33.2,33.13 1 0
github.com/jamestunnell/go-musicality/notation/pitch/pitches.go:29.23,31.3 1 0
github.com/jamestunnell/go-musicality/notation/pitch/pitches.go:36.37,39.23 2 0
github.com/jamestunnell/go-musicality/notation/pitch/pitches.go:43.2,43.12 1 0
github.com/jamestunnell/go-musicality/notation/pitch/pitches.go:39.23,41.3 1 0
github.com/jamestunnell/go-musicality/notation/pitch/pitches.go:46.34,48.2 1 1
github.com/jamestunnell/go-musicality/notation/pitch/pitches.go:50.39,52.2 1 1
github.com/jamestunnell/go-musicality/notation/pitch/pitches.go:54.60,55.9 1 1
github.com/jamestunnell/go-musicality/notation/pitch/pitches.go:56.29,56.29 0 1
github.com/jamestunnell/go-musicality/notation/pitch/pitches.go:58.14,59.15 1 1
github.com/jamestunnell/go-musicality/notation/pitch/pitches.go:60.14,61.24 1 1
github.com/jamestunnell/go-musicality/notation/pitch/pitches.go:64.10,65.33 1 1
github.com/jamestunnell/go-musicality/notation/pitch/pitches.go:61.24,63.4 1 1
github.com/jamestunnell/go-musicality/notation/pitch/pitches.go:65.33,71.29 4 1
github.com/jamestunnell/go-musicality/notation/pitch/pitches.go:75.4,75.28 1 1
github.com/jamestunnell/go-musicality/notation/pitch/pitches.go:71.29,73.5 1 1
github.com/jamestunnell/go-musicality/notation/pitch/set.go:9.37,14.28 2 1
github.com/jamestunnell/go-musicality/notation/pitch/set.go:18.2,18.11 1 1
github.com/jamestunnell/go-musicality/notation/pitch/set.go:14.28,16.3 1 1
github.com/jamestunnell/go-musicality/notation/pitch/set.go:21.34,23.2 1 1
github.com/jamestunnell/go-musicality/notation/pitch/set.go:25.26,27.2 1 1
github.com/jamestunnell/go-musicality/notation/pitch/set.go:29.39,32.31 2 1
github.com/jamestunnell/go-musicality/notation/pitch/set.go:36.2,36.34 1 1
github.com/jamestunnell/go-musicality/notation/pitch/set.go:42.2,42.29 1 1
github.com/jamestunnell/go-musicality/notation/pitch/set.go:32.31,34.3 1 1
github.com/jamestunnell/go-musicality/notation/pitch/set.go:36.34,37.30 1 1
github.com/jamestunnell/go-musicality/notation/pitch/set.go:37.30,39.4 1 1
github.com/jamestunnell/go-musicality/notation/pitch/set.go:45.43,48.31 2 1
github.com/jamestunnell/go-musicality/notation/pitch/set.go:54.2,54.33 1 1
github.com/jamestunnell/go-musicality/notation/pitch/set.go:48.31,49.24 1 1
github.com/jamestunnell/go-musicality/notation/pitch/set.go:49.24,51.4 1 1
github.com/jamestunnell/go-musicality/notation/pitch/set.go:57.38,60.31 2 1
github.com/jamestunnell/go-musicality/notation/pitch/set.go:66.2,68.3 1 1
github.com/jamestunnell/go-musicality/notation/pitch/set.go:60.31,61.25 1 1
github.com/jamestunnell/go-musicality/notation/pitch/set.go:61.25,63.4 1 1
github.com/jamestunnell/go-musicality/notation/pitch/set.go:71.30,72.25 1 1
github.com/jamestunnell/go-musicality/notation/pitch/set.go:72.25,74.3 1 1
github.com/jamestunnell/go-musicality/notation/pitch/set.go:77.38,79.15 2 1
github.com/jamestunnell/go-musicality/notation/pitch/set.go:83.2,85.13 2 0
github.com/jamestunnell/go-musicality/notation/pitch/set.go:79.15,81.3 1 1
github.com/jamestunnell/go-musicality/notation/pitch/set.go:88.33,92.2 2 0
github.com/jamestunnell/go-musicality/notation/pitch/set.go:94.42,96.2 1 1
github.com/jamestunnell/go-musicality/notation/pitch/set.go:98.40,100.2 1 1
github.com/jamestunnell/go-musicality/notation/pitch/set.go:102.47,103.28 1 1
github.com/jamestunnell/go-musicality/notation/pitch/set.go:109.2,109.11 1 1
github.com/jamestunnell/go-musicality/notation/pitch/set.go:103.28,104.19 1 1
github.com/jamestunnell/go-musicality/notation/pitch/set.go:104.19,106.4 1 1
